13:24:16 **** Incremental Build of configuration Default for project task_1 ****
make all 
make: Nothing to be done for `all'.
13:27:37 **** Incremental Build of configuration Default for project task_1 ****
make all 
make: Nothing to be done for `all'.
13:30:26 **** Incremental Build of configuration Default for project task_1 ****
make all 
make: Nothing to be done for `all'.
13:31:19 **** Incremental Build of configuration Default for project task_1 ****
make all 
cc -c -Wall -g src/main.c -o src/main.o
cc src/main.o -lpthread -o prog
13:31:57 **** Incremental Build of configuration Default for project task_1 ****
make all 
make: Nothing to be done for `all'.
13:34:21 **** Incremental Build of configuration Default for project task_1 ****
make all 
make: Nothing to be done for `all'.
13:35:26 **** Incremental Build of configuration Default for project task_1 ****
make all 
make: Nothing to be done for `all'.
13:37:07 **** Incremental Build of configuration Default for project task_1 ****
make all 
make: Nothing to be done for `all'.
13:37:35 **** Incremental Build of configuration Default for project task_1 ****
make all 
make: Nothing to be done for `all'.
13:38:44 **** Incremental Build of configuration Default for project task_1 ****
make all 
make: Nothing to be done for `all'.
13:40:01 **** Incremental Build of configuration Default for project task_1 ****
make all 
cc -c -Wall -g src/main.c -o src/main.o
cc src/main.o -lpthread -o prog
13:43:08 **** Incremental Build of configuration Default for project task_1 ****
make all 
cc -c -Wall -g src/main.c -o src/main.o
src/main.c: In function ‘main’:
src/main.c:38:11: warning: unused variable ‘r’ [-Wunused-variable]
     pid_t r = fork();
           ^
cc src/main.o -lpthread -o prog
13:45:27 **** Incremental Build of configuration Default for project task_1 ****
make all 
cc -c -Wall -g src/main.c -o src/main.o
cc src/main.o -lpthread -o prog
13:46:01 **** Incremental Build of configuration Default for project task_1 ****
make all 
make: Nothing to be done for `all'.
13:47:04 **** Incremental Build of configuration Default for project task_1 ****
make all 
cc -c -Wall -g src/main.c -o src/main.o
src/main.c: In function ‘main’:
src/main.c:38:11: warning: unused variable ‘r’ [-Wunused-variable]
     pid_t r = fork();
           ^
cc src/main.o -lpthread -o prog
13:47:42 **** Incremental Build of configuration Default for project task_1 ****
make all 
cc -c -Wall -g src/main.c -o src/main.o
cc src/main.o -lpthread -o prog
13:48:10 **** Incremental Build of configuration Default for project task_1 ****
make all 
make: Nothing to be done for `all'.
13:48:48 **** Incremental Build of configuration Default for project task_1 ****
make all 
make: Nothing to be done for `all'.
13:49:00 **** Incremental Build of configuration Default for project task_1 ****
make all 
make: Nothing to be done for `all'.
13:49:32 **** Incremental Build of configuration Default for project task_1 ****
make all 
cc -c -Wall -g src/main.c -o src/main.o
cc src/main.o -lpthread -o prog
13:50:02 **** Incremental Build of configuration Default for project task_1 ****
make all 
cc -c -Wall -g src/main.c -o src/main.o
src/main.c: In function ‘main’:
src/main.c:38:11: warning: unused variable ‘r’ [-Wunused-variable]
     pid_t r = fork();
           ^
cc src/main.o -lpthread -o prog
13:50:31 **** Incremental Build of configuration Default for project task_1 ****
make all 
make: Nothing to be done for `all'.
13:51:24 **** Incremental Build of configuration Default for project task_1 ****
make all 
make: Nothing to be done for `all'.
13:52:35 **** Incremental Build of configuration Default for project task_1 ****
make all 
cc -c -Wall -g src/main.c -o src/main.o
src/main.c: In function ‘main’:
src/main.c:38:11: warning: unused variable ‘r’ [-Wunused-variable]
     pid_t r = fork();
           ^
cc src/main.o -lpthread -o prog
13:52:42 **** Incremental Build of configuration Default for project task_1 ****
make all 
make: Nothing to be done for `all'.
13:52:55 **** Incremental Build of configuration Default for project task_1 ****
make all 
make: Nothing to be done for `all'.
13:54:57 **** Incremental Build of configuration Default for project task_1 ****
make all 
cc -c -Wall -g src/main.c -o src/main.o
src/main.c: In function ‘foo’:
src/main.c:12:11: warning: unused variable ‘p’ [-Wunused-variable]
     pid_t p = fork();
           ^
src/main.c: In function ‘main’:
src/main.c:27:11: warning: unused variable ‘r’ [-Wunused-variable]
     pid_t r = fork();
           ^
cc src/main.o -lpthread -o prog
13:55:34 **** Incremental Build of configuration Default for project task_1 ****
make all 
make: Nothing to be done for `all'.
13:55:42 **** Incremental Build of configuration Default for project task_1 ****
make all 
make: Nothing to be done for `all'.
14:01:18 **** Incremental Build of configuration Default for project task_1 ****
make all 
cc -c -Wall -g src/main.c -o src/main.o
src/main.c: In function ‘main’:
src/main.c:28:11: warning: unused variable ‘r’ [-Wunused-variable]
     pid_t r = fork();
           ^
src/main.c:22:11: warning: unused variable ‘p’ [-Wunused-variable]
     pid_t p = fork();
           ^
cc src/main.o -lpthread -o prog
14:01:25 **** Incremental Build of configuration Default for project task_1 ****
make all 
make: Nothing to be done for `all'.
14:03:25 **** Incremental Build of configuration Default for project task_1 ****
make all 
cc -c -Wall -g src/main.c -o src/main.o
src/main.c: In function ‘main’:
src/main.c:29:11: warning: unused variable ‘p’ [-Wunused-variable]
     pid_t p = fork();
           ^
cc src/main.o -lpthread -o prog
14:04:29 **** Incremental Build of configuration Default for project task_1 ****
make all 
cc -c -Wall -g src/main.c -o src/main.o
src/main.c: In function ‘main’:
src/main.c:27:11: warning: unused variable ‘p’ [-Wunused-variable]
     pid_t p = fork();
           ^
cc src/main.o -lpthread -o prog
14:04:56 **** Incremental Build of configuration Default for project task_1 ****
make all 
cc -c -Wall -g src/main.c -o src/main.o
src/main.c: In function ‘main’:
src/main.c:27:11: warning: unused variable ‘p’ [-Wunused-variable]
     pid_t p = fork();
           ^
cc src/main.o -lpthread -o prog
14:05:04 **** Incremental Build of configuration Default for project task_1 ****
make all 
make: Nothing to be done for `all'.
14:05:11 **** Incremental Build of configuration Default for project task_1 ****
make all 
make: Nothing to be done for `all'.
14:05:37 **** Incremental Build of configuration Default for project task_1 ****
make all 
make: Nothing to be done for `all'.
14:05:54 **** Incremental Build of configuration Default for project task_1 ****
make all 
make: Nothing to be done for `all'.
14:06:12 **** Incremental Build of configuration Default for project task_1 ****
make all 
cc -c -Wall -g src/main.c -o src/main.o
src/main.c: In function ‘main’:
src/main.c:27:11: warning: unused variable ‘p’ [-Wunused-variable]
     pid_t p = fork();
           ^
cc src/main.o -lpthread -o prog
14:06:24 **** Incremental Build of configuration Default for project task_1 ****
make all 
make: Nothing to be done for `all'.
14:07:03 **** Incremental Build of configuration Default for project task_1 ****
make all 
cc -c -Wall -g src/main.c -o src/main.o
src/main.c: In function ‘main’:
src/main.c:21:11: warning: unused variable ‘p’ [-Wunused-variable]
     pid_t p = fork();
           ^
cc src/main.o -lpthread -o prog
